This is XeTeX, Version 3.14159265-2.6-0.99998 (TeX Live 2017/Debian) (preloaded format=xelatex 2023.9.30)  30 MAR 2024 21:30
entering extended mode
 \write18 enabled.
 file:line:error style messages enabled.
 %&-line parsing enabled.
**/media/yu/windows/ubuntu/Numerical_Solution/BVP_FD/report/dissertation/report
(/media/yu/windows/ubuntu/Numerical_Solution/BVP_FD/report/dissertation/report.tex
LaTeX2e <2017-04-15>
Babel <3.18> and hyphenation patterns for 84 language(s) loaded.
(/usr/share/texlive/texmf-dist/tex/latex/base/report.cls
Document Class: report 2014/09/29 v1.4h Standard LaTeX document class
(/usr/share/texlive/texmf-dist/tex/latex/base/fleqn.clo
File: fleqn.clo 2016/12/29 v1.2a Standard LaTeX option (flush left equations)
\mathindent=\dimen102
Applying: [2015/01/01] Make \[ robust on input line 50.
LaTeX Info: Redefining \[ on input line 51.
Already applied: [0000/00/00] Make \[ robust on input line 62.
Applying: [2015/01/01] Make \] robust on input line 74.
LaTeX Info: Redefining \] on input line 75.
Already applied: [0000/00/00] Make \] robust on input line 83.
) (/usr/share/texlive/texmf-dist/tex/latex/base/size12.clo
File: size12.clo 2014/09/29 v1.4h Standard LaTeX file (size option)
)
\c@part=\count79
\c@chapter=\count80
\c@section=\count81
\c@subsection=\count82
\c@subsubsection=\count83
\c@paragraph=\count84
\c@subparagraph=\count85
\c@figure=\count86
\c@table=\count87
\abovecaptionskip=\skip41
\belowcaptionskip=\skip42
\bibindent=\dimen103
) (../common/common.tex (/usr/share/texlive/texmf-dist/tex/latex/geometry/geometry.sty
Package: geometry 2010/09/12 v5.6 Page Geometry
 (/usr/share/texlive/texmf-dist/tex/latex/graphics/keyval.sty
Package: keyval 2014/10/28 v1.15 key=value parser (DPC)
\KV@toks@=\toks14
) (/usr/share/texlive/texmf-dist/tex/generic/oberdiek/ifpdf.sty
Package: ifpdf 2017/03/15 v3.2 Provides the ifpdf switch
) (/usr/share/texlive/texmf-dist/tex/generic/oberdiek/ifvtex.sty
Package: ifvtex 2016/05/16 v1.6 Detect VTeX and its facilities (HO)
Package ifvtex Info: VTeX not detected.
) (/usr/share/texlive/texmf-dist/tex/generic/ifxetex/ifxetex.sty
Package: ifxetex 2010/09/12 v0.6 Provides ifxetex conditional
)
\Gm@cnth=\count88
\Gm@cntv=\count89
\c@Gm@tempcnt=\count90
\Gm@bindingoffset=\dimen104
\Gm@wd@mp=\dimen105
\Gm@odd@mp=\dimen106
\Gm@even@mp=\dimen107
\Gm@layoutwidth=\dimen108
\Gm@layoutheight=\dimen109
\Gm@layouthoffset=\dimen110
\Gm@layoutvoffset=\dimen111
\Gm@dimlist=\toks15
) (/usr/share/texlive/texmf-dist/tex/generic/babel/babel.sty
Package: babel 2018/02/14 3.18 The Babel package
 (/usr/share/texlive/texmf-dist/tex/generic/babel/switch.def
File: switch.def 2018/02/14 3.18 Babel switching mechanism
) (/usr/share/texlive/texmf-dist/tex/generic/babel-english/UKenglish.ldf
Language: UKenglish 2017/06/06 v3.3r English support from the babel system
 (/usr/share/texlive/texmf-dist/tex/generic/babel-english/english.ldf
Language: english 2017/06/06 v3.3r English support from the babel system
 (/usr/share/texlive/texmf-dist/tex/generic/babel/babel.def
File: babel.def 2018/02/14 3.18 Babel common definitions
\babel@savecnt=\count91
\U@D=\dimen112
 (/usr/share/texlive/texmf-dist/tex/generic/babel/xebabel.def (/usr/share/texlive/texmf-dist/tex/generic/babel/txtbabel.def))
\bbl@dirlevel=\count92
)
\l@canadian = a dialect from \language\l@american 
\l@australian = a dialect from \language\l@british 
\l@newzealand = a dialect from \language\l@british 
))) (/usr/share/texlive/texmf-dist/tex/latex/isodate/isodate.sty
Package: isodate 2010/01/03 v2.30 Print dates with different formats (HH)
 (/usr/share/texlive/texmf-dist/tex/latex/base/ifthen.sty
Package: ifthen 2014/09/29 v1.1c Standard LaTeX ifthen package (DPC)
) (/usr/share/texlive/texmf-dist/tex/latex/substr/substr.sty
Package: substr 2009/10/20 v1.2 Handle substrings
\c@su@anzahl=\count93
) (/usr/share/texlive/texmf-dist/tex/latex/isodate/english.idf
File: english.idf 2010/01/03 v2.30 Language definitions for isodate package (HH)

Define commands for English date format
)
\c@iso@tmpmonth=\count94
\c@iso@yeartwo=\count95
\c@iso@slash=\count96
\c@iso@minus=\count97
\c@iso@dot=\count98
\c@iso@@slash=\count99
\c@iso@@minus=\count100
\c@iso@@dot=\count101
) (/usr/share/texlive/texmf-dist/tex/latex/amsmath/amsmath.sty
Package: amsmath 2017/09/02 v2.17a AMS math features
\@mathmargin=\skip43

For additional information on amsmath, use the `?' option.
(/usr/share/texlive/texmf-dist/tex/latex/amsmath/amstext.sty
Package: amstext 2000/06/29 v2.01 AMS text
 (/usr/share/texlive/texmf-dist/tex/latex/amsmath/amsgen.sty
File: amsgen.sty 1999/11/30 v2.0 generic functions
\@emptytoks=\toks16
\ex@=\dimen113
)) (/usr/share/texlive/texmf-dist/tex/latex/amsmath/amsbsy.sty
Package: amsbsy 1999/11/29 v1.2d Bold Symbols
\pmbraise@=\dimen114
) (/usr/share/texlive/texmf-dist/tex/latex/amsmath/amsopn.sty
Package: amsopn 2016/03/08 v2.02 operator names
)
\inf@bad=\count102
LaTeX Info: Redefining \frac on input line 213.
\uproot@=\count103
\leftroot@=\count104
LaTeX Info: Redefining \overline on input line 375.
\classnum@=\count105
\DOTSCASE@=\count106
LaTeX Info: Redefining \ldots on input line 472.
LaTeX Info: Redefining \dots on input line 475.
LaTeX Info: Redefining \cdots on input line 596.
\Mathstrutbox@=\box26
\strutbox@=\box27
\big@size=\dimen115
LaTeX Font Info:    Redeclaring font encoding OML on input line 712.
LaTeX Font Info:    Redeclaring font encoding OMS on input line 713.
\macc@depth=\count107
\c@MaxMatrixCols=\count108
\dotsspace@=\muskip10
\c@parentequation=\count109
\dspbrk@lvl=\count110
\tag@help=\toks17
\row@=\count111
\column@=\count112
\maxfields@=\count113
\andhelp@=\toks18
\eqnshift@=\dimen116
\alignsep@=\dimen117
\tagshift@=\dimen118
\tagwidth@=\dimen119
\totwidth@=\dimen120
\lineht@=\dimen121
\@envbody=\toks19
\multlinegap=\skip44
\multlinetaggap=\skip45
\mathdisplay@stack=\toks20
LaTeX Info: Redefining \[ on input line 2817.
LaTeX Info: Redefining \] on input line 2818.
) (/usr/share/texlive/texmf-dist/tex/latex/amsfonts/amsfonts.sty
Package: amsfonts 2013/01/14 v3.01 Basic AMSFonts support
\symAMSa=\mathgroup4
\symAMSb=\mathgroup5
LaTeX Font Info:    Overwriting math alphabet `\mathfrak' in version `bold'
(Font)                  U/euf/m/n --> U/euf/b/n on input line 106.
) (/usr/share/texlive/texmf-dist/tex/latex/amsfonts/amssymb.sty
Package: amssymb 2013/01/14 v3.01 AMS font symbols
) (/usr/share/texlive/texmf-dist/tex/latex/amscls/amsthm.sty
Package: amsthm 2017/10/31 v2.20.4
\thm@style=\toks21
\thm@bodyfont=\toks22
\thm@headfont=\toks23
\thm@notefont=\toks24
\thm@headpunct=\toks25
\thm@preskip=\skip46
\thm@postskip=\skip47
\thm@headsep=\skip48
\dth@everypar=\toks26
) (/usr/share/texlive/texmf-dist/tex/latex/graphics/graphicx.sty
Package: graphicx 2017/06/01 v1.1a Enhanced LaTeX Graphics (DPC,SPQR)
 (/usr/share/texlive/texmf-dist/tex/latex/graphics/graphics.sty
Package: graphics 2017/06/25 v1.2c Standard LaTeX Graphics (DPC,SPQR)
 (/usr/share/texlive/texmf-dist/tex/latex/graphics/trig.sty
Package: trig 2016/01/03 v1.10 sin cos tan (DPC)
) (/usr/share/texlive/texmf-dist/tex/latex/graphics-cfg/graphics.cfg
File: graphics.cfg 2016/06/04 v1.11 sample graphics configuration
)
Package graphics Info: Driver file: xetex.def on input line 99.
 (/usr/share/texlive/texmf-dist/tex/latex/graphics-def/xetex.def
File: xetex.def 2017/06/24 v5.0h Graphics/color driver for xetex
))
\Gin@req@height=\dimen122
\Gin@req@width=\dimen123
) (/usr/share/texlive/texmf-dist/tex/latex/changepage/chngpage.sty
Package: chngpage 2009/10/20 v1.2b change page layout
\c@cp@cnt=\count114
\c@cp@tempcnt=\count115
) (/usr/share/texlive/texmf-dist/tex/latex/tools/calc.sty
Package: calc 2014/10/28 v4.3 Infix arithmetic (KKT,FJ)
\calc@Acount=\count116
\calc@Bcount=\count117
\calc@Adimen=\dimen124
\calc@Bdimen=\dimen125
\calc@Askip=\skip49
\calc@Bskip=\skip50
LaTeX Info: Redefining \setlength on input line 80.
LaTeX Info: Redefining \addtolength on input line 81.
\calc@Ccount=\count118
\calc@Cskip=\skip51
) (/usr/share/texlive/texmf-dist/tex/latex/hyperref/hyperref.sty
Package: hyperref 2018/02/06 v6.86b Hypertext links for LaTeX
 (/usr/share/texlive/texmf-dist/tex/generic/oberdiek/hobsub-hyperref.sty
Package: hobsub-hyperref 2016/05/16 v1.14 Bundle oberdiek, subset hyperref (HO)
 (/usr/share/texlive/texmf-dist/tex/generic/oberdiek/hobsub-generic.sty
Package: hobsub-generic 2016/05/16 v1.14 Bundle oberdiek, subset generic (HO)
Package: hobsub 2016/05/16 v1.14 Construct package bundles (HO)
Package: infwarerr 2016/05/16 v1.4 Providing info/warning/error messages (HO)
Package: ltxcmds 2016/05/16 v1.23 LaTeX kernel commands for general use (HO)
Package: ifluatex 2016/05/16 v1.4 Provides the ifluatex switch (HO)
Package ifluatex Info: LuaTeX not detected.
Package hobsub Info: Skipping package `ifvtex' (already loaded).
Package: intcalc 2016/05/16 v1.2 Expandable calculations with integers (HO)
Package hobsub Info: Skipping package `ifpdf' (already loaded).
Package: etexcmds 2016/05/16 v1.6 Avoid name clashes with e-TeX commands (HO)
Package etexcmds Info: Could not find \expanded.
(etexcmds)             That can mean that you are not using pdfTeX 1.50 or
(etexcmds)             that some package has redefined \expanded.
(etexcmds)             In the latter case, load this package earlier.
Package: kvsetkeys 2016/05/16 v1.17 Key value parser (HO)
Package: kvdefinekeys 2016/05/16 v1.4 Define keys (HO)
Package: pdftexcmds 2018/01/21 v0.26 Utility functions of pdfTeX for LuaTeX (HO)
Package pdftexcmds Info: LuaTeX not detected.
Package pdftexcmds Info: pdfTeX >= 1.30 not detected.
Package pdftexcmds Info: \pdf@primitive is available.
Package pdftexcmds Info: \pdf@ifprimitive is available.
Package pdftexcmds Info: \pdfdraftmode not found.
Package: pdfescape 2016/05/16 v1.14 Implements pdfTeX's escape features (HO)
Package: bigintcalc 2016/05/16 v1.4 Expandable calculations on big integers (HO)
Package: bitset 2016/05/16 v1.2 Handle bit-vector datatype (HO)
Package: uniquecounter 2016/05/16 v1.3 Provide unlimited unique counter (HO)
)
Package hobsub Info: Skipping package `hobsub' (already loaded).
Package: letltxmacro 2016/05/16 v1.5 Let assignment for LaTeX macros (HO)
Package: hopatch 2016/05/16 v1.3 Wrapper for package hooks (HO)
Package: xcolor-patch 2016/05/16 xcolor patch
Package: atveryend 2016/05/16 v1.9 Hooks at the very end of document (HO)
Package atveryend Info: \enddocument detected (standard20110627).
Package: atbegshi 2016/06/09 v1.18 At begin shipout hook (HO)
Package: refcount 2016/05/16 v3.5 Data extraction from label references (HO)
Package: hycolor 2016/05/16 v1.8 Color options for hyperref/bookmark (HO)
) (/usr/share/texlive/texmf-dist/tex/latex/oberdiek/auxhook.sty
Package: auxhook 2016/05/16 v1.4 Hooks for auxiliary files (HO)
) (/usr/share/texlive/texmf-dist/tex/latex/oberdiek/kvoptions.sty
Package: kvoptions 2016/05/16 v3.12 Key value format for package options (HO)
)
\@linkdim=\dimen126
\Hy@linkcounter=\count119
\Hy@pagecounter=\count120
 (/usr/share/texlive/texmf-dist/tex/latex/hyperref/pd1enc.def
File: pd1enc.def 2018/02/06 v6.86b Hyperref: PDFDocEncoding definition (HO)
)
\Hy@SavedSpaceFactor=\count121
 (/usr/share/texlive/texmf-dist/tex/latex/latexconfig/hyperref.cfg
File: hyperref.cfg 2002/06/06 v1.2 hyperref configuration of TeXLive
)
Package hyperref Info: Hyper figures OFF on input line 4509.
Package hyperref Info: Link nesting OFF on input line 4514.
Package hyperref Info: Hyper index ON on input line 4517.
Package hyperref Info: Plain pages OFF on input line 4524.
Package hyperref Info: Backreferencing OFF on input line 4529.
Package hyperref Info: Implicit mode ON; LaTeX internals redefined.
Package hyperref Info: Bookmarks ON on input line 4762.
\c@Hy@tempcnt=\count122
 (/usr/share/texlive/texmf-dist/tex/latex/url/url.sty
\Urlmuskip=\muskip11
Package: url 2013/09/16  ver 3.4  Verb mode for urls, etc.
)
LaTeX Info: Redefining \url on input line 5115.
\XeTeXLinkMargin=\dimen127
\Fld@menulength=\count123
\Field@Width=\dimen128
\Fld@charsize=\dimen129
Package hyperref Info: Hyper figures OFF on input line 6369.
Package hyperref Info: Link nesting OFF on input line 6374.
Package hyperref Info: Hyper index ON on input line 6377.
Package hyperref Info: backreferencing OFF on input line 6384.
Package hyperref Info: Link coloring OFF on input line 6389.
Package hyperref Info: Link coloring with OCG OFF on input line 6394.
Package hyperref Info: PDF/A mode OFF on input line 6399.
LaTeX Info: Redefining \ref on input line 6439.
LaTeX Info: Redefining \pageref on input line 6443.
\Hy@abspage=\count124
\c@Item=\count125
\c@Hfootnote=\count126
)
Package hyperref Info: Driver (autodetected): hxetex.
 (/usr/share/texlive/texmf-dist/tex/latex/hyperref/hxetex.def
File: hxetex.def 2018/02/06 v6.86b Hyperref driver for XeTeX
 (/usr/share/texlive/texmf-dist/tex/latex/hyperref/puenc.def
File: puenc.def 2018/02/06 v6.86b Hyperref: PDF Unicode definition (HO)
) (/usr/share/texlive/texmf-dist/tex/generic/oberdiek/stringenc.sty
Package: stringenc 2016/05/16 v1.11 Convert strings between diff. encodings (HO)
)
\pdfm@box=\box28
\c@Hy@AnnotLevel=\count127
\HyField@AnnotCount=\count128
\Fld@listcount=\count129
\c@bookmark@seq@number=\count130
 (/usr/share/texlive/texmf-dist/tex/latex/oberdiek/rerunfilecheck.sty
Package: rerunfilecheck 2016/05/16 v1.8 Rerun checks for auxiliary files (HO)
Package rerunfilecheck Info: Feature \pdfmdfivesum is not available
(rerunfilecheck)             (e.g. pdfTeX or LuaTeX with package `pdftexcmds').
(rerunfilecheck)             Therefore file contents cannot be checked efficiently
(rerunfilecheck)             and the loading of the package is aborted.
)
\Hy@SectionHShift=\skip52
) (/usr/share/texlive/texmf-dist/tex/latex/cleveref/cleveref.sty
Package: cleveref 2018/02/08 v0.21.1 Intelligent cross-referencing
Package cleveref Info: `hyperref' support loaded on input line 2301.
LaTeX Info: Redefining \cref on input line 2301.
LaTeX Info: Redefining \Cref on input line 2301.
LaTeX Info: Redefining \crefrange on input line 2301.
LaTeX Info: Redefining \Crefrange on input line 2301.
LaTeX Info: Redefining \cpageref on input line 2301.
LaTeX Info: Redefining \Cpageref on input line 2301.
LaTeX Info: Redefining \cpagerefrange on input line 2301.
LaTeX Info: Redefining \Cpagerefrange on input line 2301.
LaTeX Info: Redefining \labelcref on input line 2301.
LaTeX Info: Redefining \labelcpageref on input line 2301.
Package cleveref Info: `amsthm' support loaded on input line 2957.
Package cleveref Info: include cross-reference names in hyperlinks on input line 7767.
Package cleveref Info: include cross-reference names in hyperlinks on input line 7783.
) (/usr/share/texlive/texmf-dist/tex/latex/fancyhdr/fancyhdr.sty
Package: fancyhdr 2017/06/30 v3.9a Extensive control of page headers and footers
\f@nch@headwidth=\skip53
\f@nch@O@elh=\skip54
\f@nch@O@erh=\skip55
\f@nch@O@olh=\skip56
\f@nch@O@orh=\skip57
\f@nch@O@elf=\skip58
\f@nch@O@erf=\skip59
\f@nch@O@olf=\skip60
\f@nch@O@orf=\skip61
) (/usr/share/texlive/texmf-dist/tex/latex/titlesec/titletoc.sty
Package: titletoc 2011/12/15 v1.6 TOC entries
\ttl@leftsep=\dimen130
) (/usr/share/texlive/texmf-dist/tex/latex/titlesec/titlesec.sty
Package: titlesec 2016/03/21 v2.10.2 Sectioning titles
\ttl@box=\box29
\beforetitleunit=\skip62
\aftertitleunit=\skip63
\ttl@plus=\dimen131
\ttl@minus=\dimen132
\ttl@toksa=\toks27
\titlewidth=\dimen133
\titlewidthlast=\dimen134
\titlewidthfirst=\dimen135
) (/usr/share/texlive/texmf-dist/tex/latex/natbib/natbib.sty
Package: natbib 2010/09/13 8.31b (PWD, AO)
\bibhang=\skip64
\bibsep=\skip65
LaTeX Info: Redefining \cite on input line 694.
\c@NAT@ctr=\count131
) (/usr/share/texlive/texmf-dist/tex/latex/xcolor/xcolor.sty
Package: xcolor 2016/05/11 v2.12 LaTeX color extensions (UK)
 (/usr/share/texlive/texmf-dist/tex/latex/graphics-cfg/color.cfg
File: color.cfg 2016/01/02 v1.6 sample color configuration
)
Package xcolor Info: Driver file: xetex.def on input line 225.
Package xcolor Info: Model `cmy' substituted by `cmy0' on input line 1348.
Package xcolor Info: Model `RGB' extended on input line 1364.
Package xcolor Info: Model `HTML' substituted by `rgb' on input line 1366.
Package xcolor Info: Model `Hsb' substituted by `hsb' on input line 1367.
Package xcolor Info: Model `tHsb' substituted by `hsb' on input line 1368.
Package xcolor Info: Model `HSB' substituted by `hsb' on input line 1369.
Package xcolor Info: Model `Gray' substituted by `gray' on input line 1370.
Package xcolor Info: Model `wave' substituted by `hsb' on input line 1371.
 (/usr/share/texlive/texmf-dist/tex/latex/graphics/dvipsnam.def
File: dvipsnam.def 2016/06/17 v3.0m Driver-dependent file (DPC,SPQR)
)) (/usr/share/texlive/texmf-dist/tex/latex/psnfss/mathpazo.sty
Package: mathpazo 2005/04/12 PSNFSS-v9.2a Palatino w/ Pazo Math (D.Puga, WaS) 
\symupright=\mathgroup6
) (/usr/share/texlive/texmf-dist/tex/latex/base/fontenc.sty
Package: fontenc 2017/04/05 v2.0i Standard LaTeX package
 (/usr/share/texlive/texmf-dist/tex/latex/base/t1enc.def
File: t1enc.def 2017/04/05 v2.0i Standard LaTeX file
LaTeX Font Info:    Redeclaring font encoding T1 on input line 48.
)
LaTeX Font Info:    Try loading font information for T1+lmr on input line 105.
 (/usr/share/texmf/tex/latex/lm/t1lmr.fd
File: t1lmr.fd 2009/10/30 v1.6 Font defs for Latin Modern
)) (/usr/share/texlive/texmf-dist/tex/latex/minted/minted.sty
Package: minted 2017/07/19 v2.5 Yet another Pygments shim for LaTeX
 (/usr/share/texlive/texmf-dist/tex/latex/fvextra/fvextra.sty
Package: fvextra 2017/07/08 v1.3.1 fvextra - extensions and patches for fancyvrb
 (/usr/share/texlive/texmf-dist/tex/latex/etoolbox/etoolbox.sty
Package: etoolbox 2018/02/11 v2.5e e-TeX tools for LaTeX (JAW)
\etb@tempcnta=\count132
) (/usr/share/texlive/texmf-dist/tex/latex/fancyvrb/fancyvrb.sty
Package: fancyvrb 2008/02/07
 Style option: `fancyvrb' v2.7a, with DG/SPQR fixes, and firstline=lastline fix <2008/02/07> (tvz)
\FV@CodeLineNo=\count133
\FV@InFile=\read1
\FV@TabBox=\box30
\c@FancyVerbLine=\count134
\FV@StepNumber=\count135
\FV@OutFile=\write3
) (/usr/share/texlive/texmf-dist/tex/latex/upquote/upquote.sty
Package: upquote 2012/04/19 v1.3 upright-quote and grave-accent glyphs in verbatim
 (/usr/share/texlive/texmf-dist/tex/latex/base/textcomp.sty
Package: textcomp 2017/04/05 v2.0i Standard LaTeX package
Package textcomp Info: Sub-encoding information:
(textcomp)               5 = only ISO-Adobe without \textcurrency
(textcomp)               4 = 5 + \texteuro
(textcomp)               3 = 4 + \textohm
(textcomp)               2 = 3 + \textestimated + \textcurrency
(textcomp)               1 = TS1 - \textcircled - \t
(textcomp)               0 = TS1 (full)
(textcomp)             Font families with sub-encoding setting implement
(textcomp)             only a restricted character set as indicated.
(textcomp)             Family '?' is the default used for unknown fonts.
(textcomp)             See the documentation for details.
Package textcomp Info: Setting ? sub-encoding to TS1/1 on input line 79.
 (/usr/share/texlive/texmf-dist/tex/latex/base/ts1enc.def
File: ts1enc.def 2001/06/05 v3.0e (jk/car/fm) Standard LaTeX file
)
LaTeX Info: Redefining \oldstylenums on input line 334.
Package textcomp Info: Setting cmr sub-encoding to TS1/0 on input line 349.
Package textcomp Info: Setting cmss sub-encoding to TS1/0 on input line 350.
Package textcomp Info: Setting cmtt sub-encoding to TS1/0 on input line 351.
Package textcomp Info: Setting cmvtt sub-encoding to TS1/0 on input line 352.
Package textcomp Info: Setting cmbr sub-encoding to TS1/0 on input line 353.
Package textcomp Info: Setting cmtl sub-encoding to TS1/0 on input line 354.
Package textcomp Info: Setting ccr sub-encoding to TS1/0 on input line 355.
Package textcomp Info: Setting ptm sub-encoding to TS1/4 on input line 356.
Package textcomp Info: Setting pcr sub-encoding to TS1/4 on input line 357.
Package textcomp Info: Setting phv sub-encoding to TS1/4 on input line 358.
Package textcomp Info: Setting ppl sub-encoding to TS1/3 on input line 359.
Package textcomp Info: Setting pag sub-encoding to TS1/4 on input line 360.
Package textcomp Info: Setting pbk sub-encoding to TS1/4 on input line 361.
Package textcomp Info: Setting pnc sub-encoding to TS1/4 on input line 362.
Package textcomp Info: Setting pzc sub-encoding to TS1/4 on input line 363.
Package textcomp Info: Setting bch sub-encoding to TS1/4 on input line 364.
Package textcomp Info: Setting put sub-encoding to TS1/5 on input line 365.
Package textcomp Info: Setting uag sub-encoding to TS1/5 on input line 366.
Package textcomp Info: Setting ugq sub-encoding to TS1/5 on input line 367.
Package textcomp Info: Setting ul8 sub-encoding to TS1/4 on input line 368.
Package textcomp Info: Setting ul9 sub-encoding to TS1/4 on input line 369.
Package textcomp Info: Setting augie sub-encoding to TS1/5 on input line 370.
Package textcomp Info: Setting dayrom sub-encoding to TS1/3 on input line 371.
Package textcomp Info: Setting dayroms sub-encoding to TS1/3 on input line 372.
Package textcomp Info: Setting pxr sub-encoding to TS1/0 on input line 373.
Package textcomp Info: Setting pxss sub-encoding to TS1/0 on input line 374.
Package textcomp Info: Setting pxtt sub-encoding to TS1/0 on input line 375.
Package textcomp Info: Setting txr sub-encoding to TS1/0 on input line 376.
Package textcomp Info: Setting txss sub-encoding to TS1/0 on input line 377.
Package textcomp Info: Setting txtt sub-encoding to TS1/0 on input line 378.
Package textcomp Info: Setting lmr sub-encoding to TS1/0 on input line 379.
Package textcomp Info: Setting lmdh sub-encoding to TS1/0 on input line 380.
Package textcomp Info: Setting lmss sub-encoding to TS1/0 on input line 381.
Package textcomp Info: Setting lmssq sub-encoding to TS1/0 on input line 382.
Package textcomp Info: Setting lmvtt sub-encoding to TS1/0 on input line 383.
Package textcomp Info: Setting lmtt sub-encoding to TS1/0 on input line 384.
Package textcomp Info: Setting qhv sub-encoding to TS1/0 on input line 385.
Package textcomp Info: Setting qag sub-encoding to TS1/0 on input line 386.
Package textcomp Info: Setting qbk sub-encoding to TS1/0 on input line 387.
Package textcomp Info: Setting qcr sub-encoding to TS1/0 on input line 388.
Package textcomp Info: Setting qcs sub-encoding to TS1/0 on input line 389.
Package textcomp Info: Setting qpl sub-encoding to TS1/0 on input line 390.
Package textcomp Info: Setting qtm sub-encoding to TS1/0 on input line 391.
Package textcomp Info: Setting qzc sub-encoding to TS1/0 on input line 392.
Package textcomp Info: Setting qhvc sub-encoding to TS1/0 on input line 393.
Package textcomp Info: Setting futs sub-encoding to TS1/4 on input line 394.
Package textcomp Info: Setting futx sub-encoding to TS1/4 on input line 395.
Package textcomp Info: Setting futj sub-encoding to TS1/4 on input line 396.
Package textcomp Info: Setting hlh sub-encoding to TS1/3 on input line 397.
Package textcomp Info: Setting hls sub-encoding to TS1/3 on input line 398.
Package textcomp Info: Setting hlst sub-encoding to TS1/3 on input line 399.
Package textcomp Info: Setting hlct sub-encoding to TS1/5 on input line 400.
Package textcomp Info: Setting hlx sub-encoding to TS1/5 on input line 401.
Package textcomp Info: Setting hlce sub-encoding to TS1/5 on input line 402.
Package textcomp Info: Setting hlcn sub-encoding to TS1/5 on input line 403.
Package textcomp Info: Setting hlcw sub-encoding to TS1/5 on input line 404.
Package textcomp Info: Setting hlcf sub-encoding to TS1/5 on input line 405.
Package textcomp Info: Setting pplx sub-encoding to TS1/3 on input line 406.
Package textcomp Info: Setting pplj sub-encoding to TS1/3 on input line 407.
Package textcomp Info: Setting ptmx sub-encoding to TS1/4 on input line 408.
Package textcomp Info: Setting ptmj sub-encoding to TS1/4 on input line 409.
)) (/usr/share/texlive/texmf-dist/tex/latex/lineno/lineno.sty
Package: lineno 2005/11/02 line numbers on paragraphs v4.41
Invalid UTF-8 byte or sequence at line 296 replaced by U+FFFD.
\linenopenalty=\count136
\output=\toks28
\linenoprevgraf=\count137
\linenumbersep=\dimen136
\linenumberwidth=\dimen137
\c@linenumber=\count138
\c@pagewiselinenumber=\count139
\c@LN@truepage=\count140
\c@internallinenumber=\count141
\c@internallinenumbers=\count142
\quotelinenumbersep=\dimen138
\bframerule=\dimen139
\bframesep=\dimen140
\bframebox=\box31
LaTeX Info: Redefining \\ on input line 3056.
)
\c@FV@TrueTabGroupLevel=\count143
\c@FV@TrueTabCounter=\count144
\FV@TabBox@Group=\box32
\FV@TmpLength=\skip66
\c@FV@HighlightLinesStart=\count145
\c@FV@HighlightLinesStop=\count146
\FV@LoopCount=\count147
\FV@NCharsBox=\box33
\FV@BreakIndent=\dimen141
\FV@BreakIndentNChars=\count148
\FV@BreakSymbolSepLeft=\dimen142
\FV@BreakSymbolSepLeftNChars=\count149
\FV@BreakSymbolSepRight=\dimen143
\FV@BreakSymbolSepRightNChars=\count150
\FV@BreakSymbolIndentLeft=\dimen144
\FV@BreakSymbolIndentLeftNChars=\count151
\FV@BreakSymbolIndentRight=\dimen145
\FV@BreakSymbolIndentRightNChars=\count152
\c@FancyVerbLineBreakLast=\count153
\FV@LineBox=\box34
\FV@LineIndentBox=\box35
) (/usr/share/texlive/texmf-dist/tex/latex/tools/shellesc.sty
Package: shellesc 2016/06/07 v0.02a unified shell escape interface for LaTeX
Package shellesc Info: Unrestricted shell escape enabled on input line 67.
) (/usr/share/texlive/texmf-dist/tex/latex/ifplatform/ifplatform.sty
Package: ifplatform 2017/10/13 v0.4a Testing for the operating system
 (/usr/share/texlive/texmf-dist/tex/generic/oberdiek/catchfile.sty
Package: catchfile 2016/05/16 v1.7 Catch the contents of a file (HO)
)
runsystem(uname -s > "report.w18")...executed.

 (./report.w18)
runsystem(rm -- "report.w18")...executed.

) (/usr/share/texlive/texmf-dist/tex/generic/xstring/xstring.sty (/usr/share/texlive/texmf-dist/tex/generic/xstring/xstring.tex
\@xs@message=\write4
\integerpart=\count154
\decimalpart=\count155
)
Package: xstring 2013/10/13  v1.7c  String manipulations (C Tellechea)
) (/usr/share/texlive/texmf-dist/tex/latex/framed/framed.sty
Package: framed 2011/10/22 v 0.96: framed or shaded text with page breaks
\OuterFrameSep=\skip67
\fb@frw=\dimen146
\fb@frh=\dimen147
\FrameRule=\dimen148
\FrameSep=\dimen149
) (/usr/share/texlive/texmf-dist/tex/latex/float/float.sty
Package: float 2001/11/08 v1.3d Float enhancements (AL)
\c@float@type=\count156
\float@exts=\toks29
\float@box=\box36
\@float@everytoks=\toks30
\@floatcapt=\box37
)
\minted@appexistsfile=\read2
\minted@bgbox=\box38
\minted@code=\write5
\c@minted@FancyVerbLineTemp=\count157
\c@minted@pygmentizecounter=\count158
\@float@every@listing=\toks31
\c@listing=\count159
)
runsystem(mkdir -p _minted-report)...executed.

 (/usr/share/texlive/texmf-dist/tex/latex/ctex/ctex.sty (/usr/share/texlive/texmf-dist/tex/latex/l3kernel/expl3.sty
Package: expl3 2018/02/21 L3 programming layer (loader) 
 (/usr/share/texlive/texmf-dist/tex/latex/l3kernel/expl3-code.tex
Package: expl3 2018/02/21 L3 programming layer (code)
\c_max_int=\count160
\l_tmpa_int=\count161
\l_tmpb_int=\count162
\g_tmpa_int=\count163
\g_tmpb_int=\count164
\g__intarray_font_int=\count165
\g__prg_map_int=\count166
\c_log_iow=\count167
\l_iow_line_count_int=\count168
\l__iow_line_target_int=\count169
\l__iow_one_indent_int=\count170
\l__iow_indent_int=\count171
\c_zero_dim=\dimen150
\c_max_dim=\dimen151
\l_tmpa_dim=\dimen152
\l_tmpb_dim=\dimen153
\g_tmpa_dim=\dimen154
\g_tmpb_dim=\dimen155
\c_zero_skip=\skip68
\c_max_skip=\skip69
\l_tmpa_skip=\skip70
\l_tmpb_skip=\skip71
\g_tmpa_skip=\skip72
\g_tmpb_skip=\skip73
\c_zero_muskip=\muskip12
\c_max_muskip=\muskip13
\l_tmpa_muskip=\muskip14
\l_tmpb_muskip=\muskip15
\g_tmpa_muskip=\muskip16
\g_tmpb_muskip=\muskip17
\l_keys_choice_int=\count172
\c__fp_leading_shift_int=\count173
\c__fp_middle_shift_int=\count174
\c__fp_trailing_shift_int=\count175
\c__fp_big_leading_shift_int=\count176
\c__fp_big_middle_shift_int=\count177
\c__fp_big_trailing_shift_int=\count178
\c__fp_Bigg_leading_shift_int=\count179
\c__fp_Bigg_middle_shift_int=\count180
\c__fp_Bigg_trailing_shift_int=\count181
\l__sort_length_int=\count182
\l__sort_min_int=\count183
\l__sort_top_int=\count184
\l__sort_max_int=\count185
\l__sort_true_max_int=\count186
\l__sort_block_int=\count187
\l__sort_begin_int=\count188
\l__sort_end_int=\count189
\l__sort_A_int=\count190
\l__sort_B_int=\count191
\l__sort_C_int=\count192
\l__tl_build_start_index_int=\count193
\l__tl_build_index_int=\count194
\l__tl_analysis_normal_int=\count195
\l__tl_analysis_index_int=\count196
\l__tl_analysis_nesting_int=\count197
\l__tl_analysis_type_int=\count198
\l__regex_internal_a_int=\count199
\l__regex_internal_b_int=\count266
\l__regex_internal_c_int=\count267
\l__regex_balance_int=\count268
\l__regex_group_level_int=\count269
\l__regex_mode_int=\count270
\c__regex_cs_in_class_mode_int=\count271
\c__regex_cs_mode_int=\count272
\l__regex_catcodes_int=\count273
\l__regex_default_catcodes_int=\count274
\c__regex_catcode_L_int=\count275
\c__regex_catcode_O_int=\count276
\c__regex_catcode_A_int=\count277
\c__regex_all_catcodes_int=\count278
\l__regex_show_lines_int=\count279
\l__regex_min_state_int=\count280
\l__regex_max_state_int=\count281
\l__regex_left_state_int=\count282
\l__regex_right_state_int=\count283
\l__regex_capturing_group_int=\count284
\l__regex_min_pos_int=\count285
\l__regex_max_pos_int=\count286
\l__regex_curr_pos_int=\count287
\l__regex_start_pos_int=\count288
\l__regex_success_pos_int=\count289
\l__regex_curr_char_int=\count290
\l__regex_curr_catcode_int=\count291
\l__regex_last_char_int=\count292
\l__regex_case_changed_char_int=\count293
\l__regex_curr_state_int=\count294
\l__regex_step_int=\count295
\l__regex_min_active_int=\count296
\l__regex_max_active_int=\count297
\l__regex_replacement_csnames_int=\count298
\l__regex_match_count_int=\count299
\l__regex_min_submatch_int=\count300
\l__regex_submatch_int=\count301
\l__regex_zeroth_submatch_int=\count302
\g__regex_trace_regex_int=\count303
\c_empty_box=\box39
\l_tmpa_box=\box40
\l_tmpb_box=\box41
\g_tmpa_box=\box42
\g_tmpb_box=\box43
\l__box_top_dim=\dimen156
\l__box_bottom_dim=\dimen157
\l__box_left_dim=\dimen158
\l__box_right_dim=\dimen159
\l__box_top_new_dim=\dimen160
\l__box_bottom_new_dim=\dimen161
\l__box_left_new_dim=\dimen162
\l__box_right_new_dim=\dimen163
\l__box_internal_box=\box44
\l__coffin_internal_box=\box45
\l__coffin_internal_dim=\dimen164
\l__coffin_offset_x_dim=\dimen165
\l__coffin_offset_y_dim=\dimen166
\l__coffin_x_dim=\dimen167
\l__coffin_y_dim=\dimen168
\l__coffin_x_prime_dim=\dimen169
\l__coffin_y_prime_dim=\dimen170
\c_empty_coffin=\box46
\l__coffin_aligned_coffin=\box47
\l__coffin_aligned_internal_coffin=\box48
\l_tmpa_coffin=\box49
\l_tmpb_coffin=\box50
\l__coffin_display_coffin=\box51
\l__coffin_display_coord_coffin=\box52
\l__coffin_display_pole_coffin=\box53
\l__coffin_display_offset_dim=\dimen171
\l__coffin_display_x_dim=\dimen172
\l__coffin_display_y_dim=\dimen173
\l__coffin_bounding_shift_dim=\dimen174
\l__coffin_left_corner_dim=\dimen175
\l__coffin_right_corner_dim=\dimen176
\l__coffin_bottom_corner_dim=\dimen177
\l__coffin_top_corner_dim=\dimen178
\l__coffin_scaled_total_height_dim=\dimen179
\l__coffin_scaled_width_dim=\dimen180
) (/usr/share/texlive/texmf-dist/tex/latex/l3kernel/l3xdvipdfmx.def
File: l3xdvidpfmx.def 2017/03/18 v L3 Experimental driver: xdvipdfmx
\g__driver_image_int=\count304
\l__driver_tmp_box=\box54
))
Package: ctex 2018/01/28 v2.4.12 Chinese adapter in LaTeX (CTEX)
 (/usr/share/texlive/texmf-dist/tex/latex/l3packages/xparse/xparse.sty
Package: xparse 2018/02/21 L3 Experimental document command parser
\l__xparse_current_arg_int=\count305
\g__xparse_grabber_int=\count306
\l__xparse_m_args_int=\count307
\l__xparse_mandatory_args_int=\count308
\l__xparse_v_nesting_int=\count309
) (/usr/share/texlive/texmf-dist/tex/latex/l3packages/l3keys2e/l3keys2e.sty
Package: l3keys2e 2018/02/21 LaTeX2e option processing using LaTeX3 keys
)
\g__file_internal_ior=\read3
 (/usr/share/texlive/texmf-dist/tex/latex/ctex/ctexhook.sty
Package: ctexhook 2018/01/28 v2.4.12 Document and package hooks (CTEX)
) (/usr/share/texlive/texmf-dist/tex/latex/ctex/ctexpatch.sty
Package: ctexpatch 2018/01/28 v2.4.12 Patching commands (CTEX)
) (/usr/share/texlive/texmf-dist/tex/latex/base/fix-cm.sty
Package: fix-cm 2015/01/14 v1.1t fixes to LaTeX
 (/usr/share/texlive/texmf-dist/tex/latex/base/ts1enc.def
File: ts1enc.def 2001/06/05 v3.0e (jk/car/fm) Standard LaTeX file
LaTeX Font Info:    Redeclaring font encoding TS1 on input line 47.
)) (/usr/share/texlive/texmf-dist/tex/latex/ms/everysel.sty
Package: everysel 2011/10/28 v1.2 EverySelectfont Package (MS)
)
\l__ctex_tmp_int=\count310
\l__ctex_tmp_box=\box55
\l__ctex_tmp_dim=\dimen181
\g__ctex_font_size_flag=\count311
 (/usr/share/texlive/texmf-dist/tex/latex/ctex/config/ctexopts.cfg
File: ctexopts.cfg 2018/01/28 v2.4.12 Option configuration file (CTEX)
) (/usr/share/texlive/texmf-dist/tex/latex/ctex/engine/ctex-engine-xetex.def
File: ctex-engine-xetex.def 2018/01/28 v2.4.12 XeLaTeX adapter (CTEX)
 (/usr/share/texlive/texmf-dist/tex/xelatex/xecjk/xeCJK.sty
Package: xeCJK 2018/02/27 v3.6.1 Typesetting CJK scripts with XeLaTeX
 (/usr/share/texlive/texmf-dist/tex/latex/l3packages/xtemplate/xtemplate.sty
Package: xtemplate 2018/02/21 L3 Experimental prototype document functions
\l__xtemplate_tmp_dim=\dimen182
\l__xtemplate_tmp_int=\count312
\l__xtemplate_tmp_muskip=\muskip18
\l__xtemplate_tmp_skip=\skip74
)
\l__xeCJK_tmp_int=\count313
\l__xeCJK_tmp_box=\box56
\l__xeCJK_tmp_dim=\dimen183
\l__xeCJK_tmp_skip=\skip75
.................................................
. LaTeX info: "xparse/define-command"
. 
. Defining command \xeCJKShipoutHook with sig. '' on line 150.
.................................................
\g__xeCJK_space_factor_int=\count314
\l__xeCJK_begin_int=\count315
\l__xeCJK_end_int=\count316
.................................................
. LaTeX info: "xparse/define-command"
. 
. Defining command \makexeCJKactive with sig. '' on line 394.
.................................................
.................................................
. LaTeX info: "xparse/define-command"
. 
. Defining command \makexeCJKinactive with sig. '' on line 396.
.................................................
\c__xeCJK_CJK_class_int=\XeTeXcharclass1
\c__xeCJK_FullLeft_class_int=\XeTeXcharclass2
\c__xeCJK_FullRight_class_int=\XeTeXcharclass3
\c__xeCJK_HalfLeft_class_int=\XeTeXcharclass4
\c__xeCJK_HalfRight_class_int=\XeTeXcharclass5
\c__xeCJK_NormalSpace_class_int=\XeTeXcharclass6
\c__xeCJK_CM_class_int=\XeTeXcharclass7
\c__xeCJK_HangulJamo_class_int=\XeTeXcharclass8
.................................................
. LaTeX info: "xparse/define-command"
. 
. Defining command \xeCJKDeclareCharClass with sig. 's>{\TrimSpaces }mm' on
. line 578.
.................................................
.................................................
. LaTeX info: "xparse/define-command"
. 
. Defining command \__xeCJK_set_char_class_aux:Nnw with sig.
. 'm>{\SplitArgument {1}{->}}m' on line 599.
.................................................
.................................................
. LaTeX info: "xparse/define-command"
. 
. Defining command \normalspacedchars with sig. 'm' on line 645.
.................................................
.................................................
. LaTeX info: "xparse/define-command"
. 
. Defining command \xeCJKResetPunctClass with sig. '' on line 656.
.................................................
.................................................
. LaTeX info: "xparse/define-command"
. 
. Defining command \xeCJKResetCharClass with sig. '' on line 668.
.................................................
\l__xeCJK_last_skip=\skip76
\g__xeCJK_node_int=\count317
\c__xeCJK_CJK_node_dim=\dimen184
\c__xeCJK_CJK-space_node_dim=\dimen185
\c__xeCJK_default_node_dim=\dimen186
\c__xeCJK_default-space_node_dim=\dimen187
\c__xeCJK_CJK-widow_node_dim=\dimen188
\c__xeCJK_normalspace_node_dim=\dimen189
\l__xeCJK_ccglue_skip=\skip77
\l__xeCJK_ecglue_skip=\skip78
\l__xeCJK_punct_kern_skip=\skip79
\l__xeCJK_last_penalty_int=\count318
\l__xeCJK_last_bound_dim=\dimen190
\l__xeCJK_last_kern_dim=\dimen191
.................................................
. LaTeX info: "xparse/define-command"
. 
. Defining command \xeCJKnobreak with sig. '' on line 1887.
.................................................
\l__xeCJK_widow_penalty_int=\count319
.................................................
. LaTeX info: "xparse/define-command"
. 
. Defining command \xeCJKDeclareSubCJKBlock with sig. 's>{\TrimSpaces }mm' on
. line 2082.
.................................................
.................................................
. LaTeX info: "xparse/define-command"
. 
. Defining command \xeCJKCancelSubCJKBlock with sig. 'sm' on line 2093.
.................................................
.................................................
. LaTeX info: "xparse/define-command"
. 
. Defining command \xeCJKRestoreSubCJKBlock with sig. 'sm' on line 2102.
.................................................
.................................................
. LaTeX info: "xparse/define-command"
. 
. Defining command \xeCJKsetwidth with sig. 'smm' on line 2200.
.................................................
.................................................
. LaTeX info: "xparse/define-command"
. 
. Defining command \xeCJKsetkern with sig. 'mmm' on line 2204.
.................................................
.................................................
. xtemplate info: "declare-object-type"
. 
. Declaring object type 'xeCJK/punctuation' taking 0 argument(s) on line 2360.
.................................................
\l__xeCJK_fixed_punct_width_dim=\dimen192
\l__xeCJK_mixed_punct_width_dim=\dimen193
\l__xeCJK_middle_punct_width_dim=\dimen194
\l__xeCJK_fixed_margin_width_dim=\dimen195
\l__xeCJK_mixed_margin_width_dim=\dimen196
\l__xeCJK_middle_margin_width_dim=\dimen197
\l__xeCJK_bound_punct_width_dim=\dimen198
\l__xeCJK_bound_margin_width_dim=\dimen199
\l__xeCJK_margin_minimum_dim=\dimen256
\l__xeCJK_kerning_total_width_dim=\dimen257
\l__xeCJK_same_align_margin_dim=\dimen258
\l__xeCJK_different_align_margin_dim=\dimen259
\l__xeCJK_kerning_margin_width_dim=\dimen260
\l__xeCJK_kerning_margin_minimum_dim=\dimen261
\l__xeCJK_bound_dim=\dimen262
\l__xeCJK_reverse_bound_dim=\dimen263
\l__xeCJK_minimum_bound_dim=\dimen264
\l__xeCJK_kerning_margin_dim=\dimen265
\l__xeCJK_original_margin_dim=\dimen266
.................................................
. LaTeX info: "xparse/define-command"
. 
. Defining command \xeCJKDeclarePunctStyle with sig. '>{\TrimSpaces }mm' on
. line 2916.
.................................................
.................................................
. LaTeX info: "xparse/define-command"
. 
. Defining command \xeCJKEditPunctStyle with sig. '>{\TrimSpaces }mm' on line
. 2929.
.................................................
.................................................
. LaTeX info: "xparse/define-command"
. 
. Defining command \setCJKfallbackfamilyfont with sig. 'mom' on line 3033.
.................................................
\g__xeCJK_family_int=\count320
.................................................
. LaTeX info: "xparse/define-command"
. 
. Defining command \CJKfamily with sig. 't+t-m' on line 3467.
.................................................
.................................................
. LaTeX info: "xparse/define-command"
. 
. Defining command \__xeCJK_gobble_CJKfamily:wn with sig. 't+t-m' on line
. 3532.
.................................................
.................................................
. LaTeX info: "xparse/define-command"
. 
. Defining command \__xeCJK_post_arg:w with sig. 'mmmO{}' on line 3592.
.................................................
.................................................
. LaTeX info: "xparse/define-command"
. 
. Defining command \setCJKmainfont with sig. 'om' on line 3598.
.................................................
.................................................
. LaTeX info: "xparse/define-command"
. 
. Defining command \setCJKsansfont with sig. 'om' on line 3605.
.................................................
.................................................
. LaTeX info: "xparse/define-command"
. 
. Defining command \setCJKmonofont with sig. 'om' on line 3611.
.................................................
.................................................
. LaTeX info: "xparse/define-command"
. 
. Defining command \setCJKfamilyfont with sig. 'mom' on line 3622.
.................................................
.................................................
. LaTeX info: "xparse/define-command"
. 
. Defining command \newCJKfontfamily with sig. 'omom' on line 3632.
.................................................
.................................................
. LaTeX info: "xparse/define-command"
. 
. Defining command \CJKfontspec with sig. 'om' on line 3638.
.................................................
.................................................
. LaTeX info: "xparse/define-command"
. 
. Defining command \defaultCJKfontfeatures with sig. 'm' on line 3661.
.................................................
.................................................
. LaTeX info: "xparse/define-command"
. 
. Defining command \addCJKfontfeatures with sig. 'sO{}m' on line 3667.
.................................................
.................................................
. LaTeX info: "xparse/define-command"
. 
. Defining command \setCJKmathfont with sig. 'om' on line 3844.
.................................................
\l__xeCJK_fam_int=\count321
\g__xeCJK_fam_allocation_int=\count322
\l__xeCJK_verb_case_int=\count323
.................................................
. LaTeX info: "xparse/define-command"
. 
. Defining command \xeCJKVerbAddon with sig. '' on line 4091.
.................................................
.................................................
. LaTeX info: "xparse/define-command"
. 
. Defining command \xeCJKOffVerbAddon with sig. '' on line 4095.
.................................................
\l__xeCJK_verb_exspace_skip=\skip80
 (/usr/share/texlive/texmf-dist/tex/latex/fontspec/fontspec.sty
Package: fontspec 2017/11/09 v2.6g Font selection for XeLaTeX and LuaLaTeX
 (/usr/share/texlive/texmf-dist/tex/latex/fontspec/fontspec-xetex.sty
Package: fontspec-xetex 2017/11/09 v2.6g Font selection for XeLaTeX and LuaLaTeX
\l__fontspec_script_int=\count324
\l__fontspec_language_int=\count325
\l__fontspec_strnum_int=\count326
\l__fontspec_tmp_int=\count327
\l__fontspec_em_int=\count328
\l__fontspec_emdef_int=\count329
\l__fontspec_strong_int=\count330
\l__fontspec_strongdef_int=\count331
\l__fontspec_tmpa_dim=\dimen267
\l__fontspec_tmpb_dim=\dimen268
\l__fontspec_tmpc_dim=\dimen269
 (/usr/share/texlive/texmf-dist/tex/latex/base/fontenc.sty
Package: fontenc 2017/04/05 v2.0i Standard LaTeX package
 (/usr/share/texlive/texmf-dist/tex/latex/base/tuenc.def
File: tuenc.def 2017/04/05 v2.0i Standard LaTeX file
LaTeX Font Info:    Redeclaring font encoding TU on input line 82.
))
.................................................
. LaTeX info: "xparse/define-command"
. 
. Defining command \fontspec with sig. 'O{}mO{}' on line 542.
.................................................
.................................................
. LaTeX info: "xparse/define-command"
. 
. Defining command \setmainfont with sig. 'O{}mO{}' on line 546.
.................................................
.................................................
. LaTeX info: "xparse/define-command"
. 
. Defining command \setsansfont with sig. 'O{}mO{}' on line 550.
.................................................
.................................................
. LaTeX info: "xparse/define-command"
. 
. Defining command \setmonofont with sig. 'O{}mO{}' on line 554.
.................................................
.................................................
. LaTeX info: "xparse/define-command"
. 
. Defining command \setmathrm with sig. 'O{}mO{}' on line 558.
.................................................
.................................................
. LaTeX info: "xparse/define-command"
. 
. Defining command \setboldmathrm with sig. 'O{}mO{}' on line 562.
.................................................
.................................................
. LaTeX info: "xparse/define-command"
. 
. Defining command \setmathsf with sig. 'O{}mO{}' on line 566.
.................................................
.................................................
. LaTeX info: "xparse/define-command"
. 
. Defining command \setmathtt with sig. 'O{}mO{}' on line 570.
.................................................
.................................................
. LaTeX info: "xparse/define-command"
. 
. Defining command \setromanfont with sig. 'O{}mO{}' on line 574.
.................................................
.................................................
. LaTeX info: "xparse/define-command"
. 
. Defining command \newfontfamily with sig. 'mO{}mO{}' on line 578.
.................................................
.................................................
. LaTeX info: "xparse/define-command"
. 
. Defining command \newfontface with sig. 'mO{}mO{}' on line 582.
.................................................
.................................................
. LaTeX info: "xparse/define-command"
. 
. Defining command \defaultfontfeatures with sig. 't+om' on line 586.
.................................................
.................................................
. LaTeX info: "xparse/define-command"
. 
. Defining command \addfontfeatures with sig. 'm' on line 590.
.................................................
.................................................
. LaTeX info: "xparse/define-command"
. 
. Defining command \addfontfeature with sig. 'm' on line 594.
.................................................
.................................................
. LaTeX info: "xparse/define-command"
. 
. Defining command \newfontfeature with sig. 'mm' on line 598.
.................................................
.................................................
. LaTeX info: "xparse/define-command"
. 
. Defining command \newAATfeature with sig. 'mmmm' on line 602.
.................................................
.................................................
. LaTeX info: "xparse/define-command"
. 
. Defining command \newopentypefeature with sig. 'mmm' on line 606.
.................................................
.................................................
. LaTeX info: "xparse/define-command"
. 
. Defining command \newICUfeature with sig. 'mmm' on line 610.
.................................................
.................................................
. LaTeX info: "xparse/define-command"
. 
. Defining command \aliasfontfeature with sig. 'mm' on line 614.
.................................................
.................................................
. LaTeX info: "xparse/define-command"
. 
. Defining command \aliasfontfeatureoption with sig. 'mmm' on line 618.
.................................................
.................................................
. LaTeX info: "xparse/define-command"
. 
. Defining command \newfontscript with sig. 'mm' on line 622.
.................................................
.................................................
. LaTeX info: "xparse/define-command"
. 
. Defining command \newfontlanguage with sig. 'mm' on line 626.
.................................................
.................................................
. LaTeX info: "xparse/define-command"
. 
. Defining command \DeclareFontsExtensions with sig. 'm' on line 630.
.................................................
.................................................
. LaTeX info: "xparse/define-command"
. 
. Defining command \IfFontFeatureActiveTF with sig. 'mmm' on line 634.
.................................................
.................................................
. LaTeX info: "xparse/define-command"
. 
. Defining command \EncodingCommand with sig. 'mO{}m' on line 3632.
.................................................
.................................................
. LaTeX info: "xparse/define-command"
. 
. Defining command \EncodingAccent with sig. 'mm' on line 3638.
.................................................
.................................................
. LaTeX info: "xparse/define-command"
. 
. Defining command \EncodingSymbol with sig. 'mm' on line 3644.
.................................................
.................................................
. LaTeX info: "xparse/define-command"
. 
. Defining command \EncodingComposite with sig. 'mmm' on line 3650.
.................................................
.................................................
. LaTeX info: "xparse/define-command"
. 
. Defining command \EncodingCompositeCommand with sig. 'mmm' on line 3656.
.................................................
.................................................
. LaTeX info: "xparse/define-command"
. 
. Defining command \DeclareUnicodeEncoding with sig. 'mm' on line 3681.
.................................................
.................................................
. LaTeX info: "xparse/define-command"
. 
. Defining command \UndeclareSymbol with sig. 'm' on line 3687.
.................................................
.................................................
. LaTeX info: "xparse/define-command"
. 
. Defining command \UndeclareAccent with sig. 'm' on line 3693.
.................................................
.................................................
. LaTeX info: "xparse/define-command"
. 
. Defining command \UndeclareCommand with sig. 'm' on line 3699.
.................................................
.................................................
. LaTeX info: "xparse/define-command"
. 
. Defining command \UndeclareComposite with sig. 'mm' on line 3706.
.................................................
 (/usr/share/texlive/texmf-dist/tex/latex/fontspec/fontspec.cfg)
LaTeX Info: Redefining \itshape on input line 3891.
LaTeX Info: Redefining \slshape on input line 3896.
LaTeX Info: Redefining \scshape on input line 3901.
LaTeX Info: Redefining \upshape on input line 3906.
LaTeX Info: Redefining \em on input line 3936.
LaTeX Info: Redefining \emph on input line 3961.
LaTeX Info: Redefining \- on input line 4015.
.................................................
. LaTeX info: "xparse/redefine-command"
. 
. Redefining command \oldstylenums with sig. 'm' on line 4110.
.................................................
.................................................
. LaTeX info: "xparse/define-command"
. 
. Defining command \liningnums with sig. 'm' on line 4114.
.................................................
)) (/usr/share/texlive/texmf-dist/tex/xelatex/xecjk/xunicode-addon.sty
Package: xunicode-addon 2018/02/27 v3.6.1 addon file for xunicode
 (/usr/share/texlive/texmf-dist/tex/xelatex/xunicode/xunicode.sty
File: xunicode.sty 2011/09/09 v0.981 provides access to latin accents and many other characters in Unicode lower plane
 (/usr/share/texmf/tex/latex/tipa/t3enc.def
File: t3enc.def 2001/12/31 T3 encoding
)
\tipaTiiicode=\count332
\tipasavetokens=\toks32
\tipachecktokens=\toks33
)
.................................................
. LaTeX info: "xparse/redefine-command"
. 
. Redefining command \ReloadXunicode with sig. 'm' on line 82.
.................................................
.................................................
. LaTeX info: "xparse/redefine-command"
. 
. Redefining command \DeclareUTFmathsymbols with sig. 'm' on line 127.
.................................................
.................................................
. LaTeX info: "xparse/redefine-command"
. 
. Redefining command \UseMathAsText with sig. '' on line 136.
.................................................
.................................................
. LaTeX info: "xparse/redefine-command"
. 
. Redefining command \UndeclareUTFcharacter with sig. 'O{\UTFencname }mm' on
. line 171.
.................................................
.................................................
. LaTeX info: "xparse/redefine-command"
. 
. Redefining command \UndeclareUTFcomposite with sig. 'O{\UTFencname }mmm' on
. line 178.
.................................................
.................................................
. LaTeX info: "xparse/redefine-command"
. 
. Redefining command \DeclareUTFcharacter with sig. 'O{\UTFencname }mm' on
. line 209.
.................................................
.................................................
. LaTeX info: "xparse/define-command"
. 
. Defining command \DeclareUTFSymbol with sig. 'mO{\UTFencname }m' on line
. 235.
.................................................
.................................................
. LaTeX info: "xparse/define-command"
. 
. Defining command \DeclareUTFCommand with sig. 'mO{\UTFencname }m' on line
. 237.
.................................................
.................................................
. LaTeX info: "xparse/redefine-command"
. 
. Redefining command \DeclareUTFcomposite with sig. 'O{\UTFencname }mmm' on
. line 282.
.................................................
.................................................
. LaTeX info: "xparse/define-command"
. 
. Defining command \DeclareUTFCompositeCommand with sig. 'mO{\UTFencname }mm'
. on line 295.
.................................................
.................................................
. LaTeX info: "xparse/define-command"
. 
. Defining command \DeclareUTFCompositeSymbol with sig. 'mO{\UTFencname }mm'
. on line 300.
.................................................
.................................................
. LaTeX info: "xparse/define-command"
. 
. Defining command \DeclareUTFComposite with sig. 'mO{\UTFencname }' on line
. 302.
.................................................
.................................................
. LaTeX info: "xparse/define-command"
. 
. Defining command \DeclareUTFEncodedAccent with sig. 'mO{\UTFencname }mm' on
. line 304.
.................................................
.................................................
. LaTeX info: "xparse/define-command"
. 
. Defining command \DeclareUTFEncodedAccents with sig. 'mO{\UTFencname }mm' on
. line 306.
.................................................
.................................................
. LaTeX info: "xparse/define-command"
. 
. Defining command \DeclareUTFEncodedSymbol with sig. 'mO{\UTFencname }mm' on
. line 308.
.................................................
.................................................
. LaTeX info: "xparse/define-command"
. 
. Defining command \DeclareUTFEncodedCircle with sig. 'mO{\UTFencname }mm' on
. line 310.
.................................................
.................................................
. LaTeX info: "xparse/redefine-command"
. 
. Redefining command \DeclareEncodedCompositeCharacter with sig. 'mmmm' on
. line 312.
.................................................
.................................................
. LaTeX info: "xparse/redefine-command"
. 
. Redefining command \DeclareEncodedCompositeAccents with sig. 'mmmm' on line
. 314.
.................................................
.................................................
. LaTeX info: "xparse/define-command"
. 
. Defining command \DeclareUTFDoubleEncodedAccent with sig. 'mO{\UTFencname
. }mm' on line 316.
.................................................
.................................................
. LaTeX info: "xparse/define-command"
. 
. Defining command \DeclareUTFDoubleEncodedSymbol with sig. 'mO{\UTFencname
. }mm' on line 318.
.................................................
\l__xunadd_tmp_coffin=\box57
\l__xunadd_circle_coffin=\box58
.................................................
. LaTeX info: "xparse/define-command"
. 
. Defining command \settextcircledratio with sig. 'm' on line 467.
.................................................
.................................................
. LaTeX info: "xparse/define-command"
. 
. Defining command \AtBeginUTFCommand with sig. 'sO{}+m' on line 536.
.................................................
.................................................
. LaTeX info: "xparse/define-command"
. 
. Defining command \AtEndUTFCommand with sig. 'sO{}+m' on line 546.
.................................................
.................................................
. LaTeX info: "xparse/define-command"
. 
. Defining command \DeclareUTFTIPACommand with sig. 'O{\UTFencname }m' on line
. 578.
.................................................
) (/usr/share/texlive/texmf-dist/tex/xelatex/xunicode/xunicode.sty
File: xunicode.sty 2011/09/09 v0.981 provides access to latin accents and many other characters in Unicode lower plane

*** Reloading Xunicode for encoding 'TU' ***
) (/usr/share/texlive/texmf-dist/tex/xelatex/xecjk/xunicode-extra.def
File: xunicode-extra.def 2018/02/27 v3.6.1 extra definition for xunicode
)
.................................................
. LaTeX info: "xparse/define-command"
. 
. Defining command \xeCJKsetup with sig. '+m' on line 4397.
.................................................
.................................................
. LaTeX info: "xparse/define-command"
. 
. Defining command \xeCJKsetemboldenfactor with sig. 'm' on line 4399.
.................................................
.................................................
. LaTeX info: "xparse/define-command"
. 
. Defining command \xeCJKsetslantfactor with sig. 'm' on line 4401.
.................................................
.................................................
. LaTeX info: "xparse/define-command"
. 
. Defining command \punctstyle with sig. 'm' on line 4402.
.................................................
.................................................
. LaTeX info: "xparse/define-command"
. 
. Defining command \xeCJKplainchr with sig. '' on line 4403.
.................................................
.................................................
. LaTeX info: "xparse/define-command"
. 
. Defining command \CJKsetecglue with sig. 'm' on line 4404.
.................................................
.................................................
. LaTeX info: "xparse/define-command"
. 
. Defining command \CJKspace with sig. '' on line 4406.
.................................................
.................................................
. LaTeX info: "xparse/define-command"
. 
. Defining command \CJKnospace with sig. '' on line 4407.
.................................................
.................................................
. LaTeX info: "xparse/define-command"
. 
. Defining command \xeCJKallowbreakbetweenpuncts with sig. '' on line 4409.
.................................................
.................................................
. LaTeX info: "xparse/define-command"
. 
. Defining command \xeCJKnobreakbetweenpuncts with sig. '' on line 4411.
.................................................
.................................................
. LaTeX info: "xparse/define-command"
. 
. Defining command \xeCJKenablefallback with sig. '' on line 4413.
.................................................
.................................................
. LaTeX info: "xparse/define-command"
. 
. Defining command \xeCJKdisablefallback with sig. '' on line 4415.
.................................................
.................................................
. LaTeX info: "xparse/define-command"
. 
. Defining command \xeCJKsetcharclass with sig. 'mmm' on line 4420.
.................................................
.................................................
. LaTeX info: "xparse/redefine-command"
. 
. Redefining command \nobreakspace with sig. '' on line 4566.
.................................................
.................................................
. LaTeX info: "xparse/redefine-command"
. 
. Redefining command \fontfamily with sig. 'm' on line 4606.
.................................................
 (/usr/share/texlive/texmf-dist/tex/xelatex/xecjk/xeCJK.cfg
File: xeCJK.cfg 2018/02/27 v3.6.1 Configuration file for xeCJK package
)) (/usr/share/texlive/texmf-dist/tex/xelatex/xecjk/xeCJKfntef.sty
Package: xeCJKfntef 2018/02/27 v3.6.1 xeCJK font effect
 (/usr/share/texlive/texmf-dist/tex/generic/ulem/ulem.sty
\UL@box=\box59
\UL@hyphenbox=\box60
\UL@skip=\skip81
\UL@hook=\toks34
\UL@height=\dimen270
\UL@pe=\count333
\UL@pixel=\dimen271
\ULC@box=\box61
Package: ulem 2012/05/18
\ULdepth=\dimen272
) (/usr/share/texlive/texmf-dist/tex/latex/environ/environ.sty
Package: environ 2014/05/04 v0.3 A new way to define environments
 (/usr/share/texlive/texmf-dist/tex/latex/trimspaces/trimspaces.sty
Package: trimspaces 2009/09/17 v1.1 Trim spaces around a token list
)) (/usr/share/texmf/tex/latex/CJK/CJKfntef.sty
Package: CJKfntef 2015/04/18 4.8.4
\CJK@fntefSkip=\skip82
\CJK@nest=\count334
\CJK@fntefDimen=\dimen273
\CJK@underdotBox=\box62
\CJK@ULbox=\box63
\CJK@underanyskip=\dimen274
)
\l__xeCJK_space_skip=\skip83
\c__xeCJK_ulem-begin_node_dim=\dimen275
\c__xeCJK_null_box=\box64
.................................................
. LaTeX info: "xparse/define-command"
. 
. Defining command \xeCJKfntefon with sig. 'st-so' on line 657.
.................................................
.................................................
. LaTeX info: "xparse/redefine-command"
. 
. Redefining command \CJKunderline with sig. 'st-so' on line 673.
.................................................
.................................................
. LaTeX info: "xparse/redefine-command"
. 
. Redefining command \varCJKunderline with sig. '' on line 675.
.................................................
.................................................
. LaTeX info: "xparse/redefine-command"
. 
. Redefining command \CJKunderwave with sig. 'st-so' on line 685.
.................................................
.................................................
. LaTeX info: "xparse/redefine-command"
. 
. Redefining command \CJKunderdblline with sig. 'st-so' on line 709.
.................................................
.................................................
. LaTeX info: "xparse/redefine-command"
. 
. Redefining command \CJKsout with sig. 'st-so' on line 728.
.................................................
.................................................
. LaTeX info: "xparse/redefine-command"
. 
. Redefining command \CJKxout with sig. 'st-so' on line 745.
.................................................
.................................................
. LaTeX info: "xparse/redefine-command"
. 
. Redefining command \CJKunderanyline with sig. 'st-somm' on line 766.
.................................................
\l__xeCJK_fntef_box=\box65
.................................................
. LaTeX info: "xparse/redefine-command"
. 
. Redefining command \CJKunderanysymbol with sig. 'ommm' on line 940.
.................................................
.................................................
. LaTeX info: "xparse/redefine-command"
. 
. Redefining command \CJKunderdot with sig. 'om' on line 949.
.................................................
\l__xeCJK_under_symbol_box=\box66
.................................................
. LaTeX info: "xparse/redefine-environment"
. 
. Redefining environment 'CJKfilltwosides' with sig. 'O{c}m' on line 1053.
.................................................
\c__xeCJK_filll_skip=\skip84
)
\ccwd=\dimen276
\l__ctex_ccglue_skip=\skip85
)
.................................................
. LaTeX info: "xparse/define-command"
. 
. Defining command \ctexset with sig. '' on line 377.
.................................................
.................................................
. LaTeX info: "xparse/define-command"
. 
. Defining command \CTEXsetup with sig. '+o>{\TrimSpaces }m' on line 383.
.................................................
.................................................
. LaTeX info: "xparse/define-command"
. 
. Defining command \CTEXoptions with sig. '+o' on line 389.
.................................................
.................................................
. LaTeX info: "xparse/define-command"
. 
. Defining command \CTEXsetfont with sig. '' on line 407.
.................................................
.................................................
. LaTeX info: "xparse/define-command"
. 
. Defining command \ziju with sig. 'm' on line 479.
.................................................
\l__ctex_ziju_dim=\dimen277
.................................................
. LaTeX info: "xparse/define-command"
. 
. Defining command \CTEXindent with sig. '' on line 520.
.................................................
.................................................
. LaTeX info: "xparse/define-command"
. 
. Defining command \CTEXnoindent with sig. '' on line 526.
.................................................
 (/usr/share/texlive/texmf-dist/tex/latex/zhnumber/zhnumber.sty
Package: zhnumber 2018/01/28 v2.6 Typesetting numbers with Chinese glyphs
.................................................
. LaTeX info: "xparse/define-command"
. 
. Defining command \zhnumber with sig. '+o+m' on line 50.
.................................................
.................................................
. LaTeX info: "xparse/define-command"
. 
. Defining command \zhnumberwithoptions with sig. '+m+m' on line 57.
.................................................
.................................................
. LaTeX info: "xparse/define-command"
. 
. Defining command \zhnum with sig. '+o+m' on line 111.
.................................................
.................................................
. LaTeX info: "xparse/define-command"
. 
. Defining command \zhnumwithoptions with sig. '+m+m' on line 118.
.................................................
.................................................
. LaTeX info: "xparse/define-command"
. 
. Defining command \zhdig with sig. '+o+m' on line 295.
.................................................
.................................................
. LaTeX info: "xparse/define-command"
. 
. Defining command \zhdigwithoptions with sig. '+m+m' on line 302.
.................................................
.................................................
. LaTeX info: "xparse/define-command"
. 
. Defining command \zhdigits with sig. '+s+o+m' on line 316.
.................................................
.................................................
. LaTeX info: "xparse/define-command"
. 
. Defining command \zhdigitswithoptions with sig. '+m+m+m' on line 323.
.................................................
.................................................
. LaTeX info: "xparse/define-command"
. 
. Defining command \zhdate with sig. '+s+m' on line 382.
.................................................
\l__zhnum_scale_int=\count335
.................................................
. LaTeX info: "xparse/define-command"
. 
. Defining command \zhnumExtendScaleMap with sig. '>{\TrimSpaces }+o+m' on
. line 504.
.................................................
.................................................
. LaTeX info: "xparse/define-command"
. 
. Defining command \zhnumsetup with sig. '+m' on line 934.
.................................................
 (/usr/share/texlive/texmf-dist/tex/latex/zhnumber/zhnumber-utf8.cfg
File: zhnumber-utf8.cfg 2018/01/28 v2.6 Chinese numerals with UTF8 encoding
))
.................................................
. LaTeX info: "xparse/define-command"
. 
. Defining command \CTEXnumber with sig. 'mm' on line 543.
.................................................
.................................................
. LaTeX info: "xparse/define-command"
. 
. Defining command \CTEXdigits with sig. 'mm' on line 545.
.................................................
 (/usr/share/texlive/texmf-dist/tex/latex/ctex/scheme/ctex-scheme-chinese.def
File: ctex-scheme-chinese.def 2018/01/28 v2.4.12 Chinese scheme for generic (CTEX)
 (/usr/share/texlive/texmf-dist/tex/latex/ctex/config/ctex-name-utf8.cfg
File: ctex-name-utf8.cfg 2018/01/28 v2.4.12 Caption with encoding UTF8 (CTEX)
)) (/usr/share/texlive/texmf-dist/tex/latex/tools/indentfirst.sty
Package: indentfirst 1995/11/23 v1.03 Indent first paragraph (DPC)
)
.................................................
. LaTeX info: "xparse/define-command"
. 
. Defining command \zihao with sig. 'm' on line 642.
.................................................
.................................................
. LaTeX info: "xparse/define-command"
. 
. Defining command \CTeX with sig. '' on line 746.
.................................................
 (/usr/share/texlive/texmf-dist/tex/latex/ctex/fontset/ctex-fontset-fandol.def
File: ctex-fontset-fandol.def 2018/01/28 v2.4.12 Fandol fonts definition (CTEX)

*************************************************
* fontspec warning: "script-not-exist"
* 
* Font 'FandolSong-Regular' does not contain script 'CJK'.
*************************************************
\g__fontspec_family_FandolSong-Regular_int=\count336
.................................................
. fontspec info: "defining-font"
. 
. Font family 'FandolSong-Regular(0)' created for font 'FandolSong-Regular'
. with options
. [Script={CJK},Extension={.otf},BoldFont={FandolSong-Bold},ItalicFont={FandolKai-Regular}].
.  
.  This font family consists of the following NFSS series/shapes:
.  
. - 'normal' (m/n) with NFSS spec.: <->"[FandolSong-Regular.otf]/OT"
. - 'small caps'  (m/sc) with NFSS spec.: 
. - 'bold' (bx/n) with NFSS spec.: <->"[FandolSong-Bold.otf]/OT"
. - 'bold small caps'  (bx/sc) with NFSS spec.: 
. - 'italic' (m/it) with NFSS spec.: <->"[FandolKai-Regular.otf]/OT"
. - 'italic small caps'  (m/itsc) with NFSS spec.: 
.................................................
.................................................
. LaTeX info: "xparse/define-command"
. 
. Defining command \songti with sig. '' on line 114.
.................................................
.................................................
. LaTeX info: "xparse/define-command"
. 
. Defining command \heiti with sig. '' on line 115.
.................................................
.................................................
. LaTeX info: "xparse/define-command"
. 
. Defining command \fangsong with sig. '' on line 116.
.................................................
.................................................
. LaTeX info: "xparse/define-command"
. 
. Defining command \kaishu with sig. '' on line 117.
.................................................
)) (/usr/share/texlive/texmf-dist/tex/latex/ctex/config/ctex.cfg
File: ctex.cfg 2018/01/28 v2.4.12 Configuration file (CTEX)
)
Package hyperref Info: Option `colorlinks' set `true' on input line 37.
) (../common/project.tex)
runsystem(which pygmentize && touch report.aex)...executed.

runsystem(rm report.aex)...executed.

 (./report.aux)
\openout1 = `report.aux'.

LaTeX Font Info:    Checking defaults for OML/cmm/m/it on input line 27.
LaTeX Font Info:    ... okay on input line 27.
LaTeX Font Info:    Checking defaults for T1/cmr/m/n on input line 27.
LaTeX Font Info:    ... okay on input line 27.
LaTeX Font Info:    Checking defaults for OT1/cmr/m/n on input line 27.
LaTeX Font Info:    ... okay on input line 27.
LaTeX Font Info:    Checking defaults for OMS/cmsy/m/n on input line 27.
LaTeX Font Info:    ... okay on input line 27.
LaTeX Font Info:    Checking defaults for TU/lmr/m/n on input line 27.
LaTeX Font Info:    ... okay on input line 27.
LaTeX Font Info:    Checking defaults for OMX/cmex/m/n on input line 27.
LaTeX Font Info:    ... okay on input line 27.
LaTeX Font Info:    Checking defaults for U/cmr/m/n on input line 27.
LaTeX Font Info:    ... okay on input line 27.
LaTeX Font Info:    Checking defaults for PD1/pdf/m/n on input line 27.
LaTeX Font Info:    ... okay on input line 27.
LaTeX Font Info:    Checking defaults for PU/pdf/m/n on input line 27.
LaTeX Font Info:    ... okay on input line 27.
LaTeX Font Info:    Checking defaults for TS1/cmr/m/n on input line 27.
LaTeX Font Info:    ... okay on input line 27.
LaTeX Font Info:    Checking defaults for T3/cmr/m/n on input line 27.
LaTeX Font Info:    Try loading font information for T3+cmr on input line 27.
 (/usr/share/texmf/tex/latex/tipa/t3cmr.fd
File: t3cmr.fd 2001/12/31 TIPA font definitions
)
LaTeX Font Info:    ... okay on input line 27.

*geometry* driver: auto-detecting
*geometry* detected driver: xetex
*geometry* verbose mode - [ preamble ] result:
* driver: xetex
* paper: a4paper
* layout: <same size as paper>
* layoutoffset:(h,v)=(0.0pt,0.0pt)
* modes: twoside 
* h-part:(L,W,R)=(71.70166pt, 418.25368pt, 107.55254pt)
* v-part:(T,H,B)=(101.40665pt, 591.5302pt, 152.11pt)
* \paperwidth=597.50787pt
* \paperheight=845.04684pt
* \textwidth=418.25368pt
* \textheight=591.5302pt
* \oddsidemargin=-0.56833pt
* \evensidemargin=35.28255pt
* \topmargin=-7.86334pt
* \headheight=12.0pt
* \headsep=25.0pt
* \topskip=12.0pt
* \footskip=30.0pt
* \marginparwidth=85.0pt
* \marginparsep=10.0pt
* \columnsep=10.0pt
* \skip\footins=10.8pt plus 4.0pt minus 2.0pt
* \hoffset=0.0pt
* \voffset=0.0pt
* \mag=1000
* \@twocolumnfalse
* \@twosidetrue
* \@mparswitchtrue
* \@reversemarginfalse
* (1in=72.27pt=25.4mm, 1cm=28.453pt)

isodate: babel.sty has been loaded
\AtBeginShipoutBox=\box67
Package hyperref Info: Link coloring ON on input line 27.
(/usr/share/texlive/texmf-dist/tex/latex/hyperref/nameref.sty
Package: nameref 2016/05/21 v2.44 Cross-referencing by name of section
 (/usr/share/texlive/texmf-dist/tex/generic/oberdiek/gettitlestring.sty
Package: gettitlestring 2016/05/16 v1.5 Cleanup title references (HO)
)
\c@section@level=\count337
)
LaTeX Info: Redefining \ref on input line 27.
LaTeX Info: Redefining \pageref on input line 27.
LaTeX Info: Redefining \nameref on input line 27.
 (./report.out) (./report.out)
\@outlinefile=\write6
\openout6 = `report.out'.

 ABD: EverySelectfont initializing macros
LaTeX Info: Redefining \selectfont on input line 27.
 (../common/titlepage.tex [1

]) (./report.toc
LaTeX Font Info:    Try loading font information for OT1+pplx on input line 4.
 (/usr/share/texlive/texmf-dist/tex/latex/psnfss/ot1pplx.fd
File: ot1pplx.fd 2004/09/06 font definitions for OT1/pplx.
)
LaTeX Font Info:    Try loading font information for OML+zplm on input line 4.
 (/usr/share/texlive/texmf-dist/tex/latex/psnfss/omlzplm.fd
File: omlzplm.fd 2002/09/08 Fontinst v1.914 font definitions for OML/zplm.
)
LaTeX Font Info:    Try loading font information for OMS+zplm on input line 4.
 (/usr/share/texlive/texmf-dist/tex/latex/psnfss/omszplm.fd
File: omszplm.fd 2002/09/08 Fontinst v1.914 font definitions for OMS/zplm.
)
LaTeX Font Info:    Try loading font information for OMX+zplm on input line 4.
 (/usr/share/texlive/texmf-dist/tex/latex/psnfss/omxzplm.fd
File: omxzplm.fd 2002/09/08 Fontinst v1.914 font definitions for OMX/zplm.
)
LaTeX Font Info:    Font shape `U/msa/m/n' will be
(Font)              scaled to size 12.50409pt on input line 4.
LaTeX Font Info:    Font shape `U/msa/m/n' will be
(Font)              scaled to size 9.37807pt on input line 4.
LaTeX Font Info:    Font shape `U/msa/m/n' will be
(Font)              scaled to size 7.29405pt on input line 4.
LaTeX Font Info:    Font shape `U/msb/m/n' will be
(Font)              scaled to size 12.50409pt on input line 4.
LaTeX Font Info:    Font shape `U/msb/m/n' will be
(Font)              scaled to size 9.37807pt on input line 4.
LaTeX Font Info:    Font shape `U/msb/m/n' will be
(Font)              scaled to size 7.29405pt on input line 4.
LaTeX Font Info:    Try loading font information for OT1+zplm on input line 4.
 (/usr/share/texlive/texmf-dist/tex/latex/psnfss/ot1zplm.fd
File: ot1zplm.fd 2002/09/08 Fontinst v1.914 font definitions for OT1/zplm.
))
\tf@toc=\write7
\openout7 = `report.toc'.

 (./introduction.tex

Package Fancyhdr Warning: \headheight is too small (12.0pt): 
 Make it at least 14.49998pt.
 We now make it that large for the rest of the document.
 This may cause the page layout to be inconsistent, however.

[2

]
Chapter 1.
) (./design.tex

Package Fancyhdr Warning: \headheight is too small (12.0pt): 
 Make it at least 14.49998pt.
 We now make it that large for the rest of the document.
 This may cause the page layout to be inconsistent, however.

[3

]
Chapter 2.
) (./implementation.tex

Package Fancyhdr Warning: \headheight is too small (12.0pt): 
 Make it at least 14.49998pt.
 We now make it that large for the rest of the document.
 This may cause the page layout to be inconsistent, however.

[4

]
Chapter 3.

Package Fancyhdr Warning: \headheight is too small (12.0pt): 
 Make it at least 14.49998pt.
 We now make it that large for the rest of the document.
 This may cause the page layout to be inconsistent, however.

[5

]
LaTeX Font Info:    Font shape `U/msa/m/n' will be
(Font)              scaled to size 15.0049pt on input line 54.
LaTeX Font Info:    Font shape `U/msa/m/n' will be
(Font)              scaled to size 10.42007pt on input line 54.
LaTeX Font Info:    Font shape `U/msa/m/n' will be
(Font)              scaled to size 8.33606pt on input line 54.
LaTeX Font Info:    Font shape `U/msb/m/n' will be
(Font)              scaled to size 15.0049pt on input line 54.
LaTeX Font Info:    Font shape `U/msb/m/n' will be
(Font)              scaled to size 10.42007pt on input line 54.
LaTeX Font Info:    Font shape `U/msb/m/n' will be
(Font)              scaled to size 8.33606pt on input line 54.


Package hyperref Warning: Token not allowed in a PDF string (Unicode):
(hyperref)                removing `math shift' on input line 54.


Package hyperref Warning: Token not allowed in a PDF string (Unicode):
(hyperref)                removing `math shift' on input line 54.


Package Fancyhdr Warning: \headheight is too small (12.0pt): 
 Make it at least 14.49998pt.
 We now make it that large for the rest of the document.
 This may cause the page layout to be inconsistent, however.

[6]

Package hyperref Warning: Token not allowed in a PDF string (Unicode):
(hyperref)                removing `math shift' on input line 71.


Package hyperref Warning: Token not allowed in a PDF string (Unicode):
(hyperref)                removing `math shift' on input line 71.


Overfull \hbox (5.25264pt too wide) in paragraph at lines 90--92
[]\TU/FandolSong-Regular(0)/m/n/12   \TU/lmr/m/n/12 , \TU/FandolSong-Regular(0)/m/n/12  $\OML/zplm/m/it/12 U[]$ \TU/FandolSong-Regular(0)/m/n/12     $\OML/zplm/m/it/12 LTE$ \TU/FandolSong-Regular(0)/m/n/12  $\OML/zplm/m/it/12 O\OT1/zplm/m/n/12 (\OML/zplm/m/it/12 h[]\OT1/zplm/m/n/12 )$\TU/lmr/m/n/12 , \TU/FandolSong-Regular(0)/m/n/12    $\OML/zplm/m/it/12 U[]$ \TU/FandolSong-Regular(0)/m/n/12     $\OML/zplm/m/it/12 LTE$ \TU/FandolSong-Regular(0)/m/n/12   $\OML/zplm/m/it/12 C\OT1/zplm/m/n/12 (\OML/zplm/m/it/12 U[]\OT1/zplm/m/n/12 )\OML/zplm/m/it/12 h \OT1/zplm/m/n/12 +
 []


Package Fancyhdr Warning: \headheight is too small (12.0pt): 
 Make it at least 14.49998pt.
 We now make it that large for the rest of the document.
 This may cause the page layout to be inconsistent, however.

[7]) (./evaluation.tex

Package Fancyhdr Warning: \headheight is too small (12.0pt): 
 Make it at least 14.49998pt.
 We now make it that large for the rest of the document.
 This may cause the page layout to be inconsistent, however.

[8]
Chapter 4.

Overfull \hbox (24.70615pt too wide) in paragraph at lines 8--9
[]\TU/FandolSong-Regular(0)/m/n/12               \TU/lmr/m/n/12 4 \TU/FandolSong-Regular(0)/m/n/12     \TU/lmr/m/n/12 , \TU/FandolSong-Regular(0)/m/n/12     $\OML/zplm/m/it/12 solver\OT1/pplx/m/n/12 .[]\OML/zplm/m/it/12 omain\OT1/pplx/m/n/12 .\OML/zplm/m/it/12 test[]onnection$
 []


Package Fancyhdr Warning: \headheight is too small (12.0pt): 
 Make it at least 14.49998pt.
 We now make it that large for the rest of the document.
 This may cause the page layout to be inconsistent, however.

[9

]
File: ../../image/nnorm.png Graphic file (type bmp)
<../../image/nnorm.png>

Overfull \hbox (15.3595pt too wide) in paragraph at lines 39--40
[][] 
 []

File: ../../image/hnorm.png Graphic file (type bmp)
<../../image/hnorm.png>

Overfull \hbox (15.3595pt too wide) in paragraph at lines 41--42
[][] 
 []


Package Fancyhdr Warning: \headheight is too small (12.0pt): 
 Make it at least 14.49998pt.
 We now make it that large for the rest of the document.
 This may cause the page layout to be inconsistent, however.

[10]
File: ../../image/n8f1d.png Graphic file (type bmp)
<../../image/n8f1d.png>

Overfull \hbox (15.37053pt too wide) in paragraph at lines 44--45
[][] 
 []

File: ../../image/n8f1dcd.png Graphic file (type bmp)
<../../image/n8f1dcd.png>

Overfull \hbox (15.37053pt too wide) in paragraph at lines 46--47
[][] 
 []


Package Fancyhdr Warning: \headheight is too small (12.0pt): 
 Make it at least 14.49998pt.
 We now make it that large for the rest of the document.
 This may cause the page layout to be inconsistent, however.

[11]
File: ../../image/n8f1dcm.png Graphic file (type bmp)
<../../image/n8f1dcm.png>

Overfull \hbox (15.37053pt too wide) in paragraph at lines 48--49
[][] 
 []

File: ../../image/n8f1m.png Graphic file (type bmp)
<../../image/n8f1m.png>

Overfull \hbox (15.37053pt too wide) in paragraph at lines 50--51
[][] 
 []


Underfull \vbox (badness 7504) has occurred while \output is active []



Package Fancyhdr Warning: \headheight is too small (12.0pt): 
 Make it at least 14.49998pt.
 We now make it that large for the rest of the document.
 This may cause the page layout to be inconsistent, however.

[12]
File: ../../image/n8f1mcd.png Graphic file (type bmp)
<../../image/n8f1mcd.png>

Overfull \hbox (15.37053pt too wide) in paragraph at lines 52--53
[][] 
 []

File: ../../image/n8f1mcm.png Graphic file (type bmp)
<../../image/n8f1mcm.png>

Overfull \hbox (15.37053pt too wide) in paragraph at lines 54--55
[][] 
 []


Underfull \vbox (badness 7504) has occurred while \output is active []



Package Fancyhdr Warning: \headheight is too small (12.0pt): 
 Make it at least 14.49998pt.
 We now make it that large for the rest of the document.
 This may cause the page layout to be inconsistent, however.

[13]
File: ../../image/n16f1d.png Graphic file (type bmp)
<../../image/n16f1d.png>

Overfull \hbox (15.37053pt too wide) in paragraph at lines 56--57
[][] 
 []

File: ../../image/n16f1dcd.png Graphic file (type bmp)
<../../image/n16f1dcd.png>

Overfull \hbox (15.37053pt too wide) in paragraph at lines 58--59
[][] 
 []


Underfull \vbox (badness 7504) has occurred while \output is active []



Package Fancyhdr Warning: \headheight is too small (12.0pt): 
 Make it at least 14.49998pt.
 We now make it that large for the rest of the document.
 This may cause the page layout to be inconsistent, however.

[14]
File: ../../image/n16f1dcm.png Graphic file (type bmp)
<../../image/n16f1dcm.png>

Overfull \hbox (15.37053pt too wide) in paragraph at lines 60--61
[][] 
 []

File: ../../image/n16f1m.png Graphic file (type bmp)
<../../image/n16f1m.png>

Overfull \hbox (15.37053pt too wide) in paragraph at lines 62--63
[][] 
 []


Underfull \vbox (badness 7504) has occurred while \output is active []



Package Fancyhdr Warning: \headheight is too small (12.0pt): 
 Make it at least 14.49998pt.
 We now make it that large for the rest of the document.
 This may cause the page layout to be inconsistent, however.

[15]
File: ../../image/n16f1mcd.png Graphic file (type bmp)
<../../image/n16f1mcd.png>

Overfull \hbox (15.37053pt too wide) in paragraph at lines 64--65
[][] 
 []

File: ../../image/n16f1mcm.png Graphic file (type bmp)
<../../image/n16f1mcm.png>

Overfull \hbox (15.37053pt too wide) in paragraph at lines 66--67
[][] 
 []


Underfull \vbox (badness 7504) has occurred while \output is active []



Package Fancyhdr Warning: \headheight is too small (12.0pt): 
 Make it at least 14.49998pt.
 We now make it that large for the rest of the document.
 This may cause the page layout to be inconsistent, however.

[16]
File: ../../image/n32f1d.png Graphic file (type bmp)
<../../image/n32f1d.png>

Overfull \hbox (15.37053pt too wide) in paragraph at lines 68--69
[][] 
 []

File: ../../image/n32f1dcd.png Graphic file (type bmp)
<../../image/n32f1dcd.png>

Overfull \hbox (15.37053pt too wide) in paragraph at lines 70--71
[][] 
 []


Underfull \vbox (badness 7504) has occurred while \output is active []



Package Fancyhdr Warning: \headheight is too small (12.0pt): 
 Make it at least 14.49998pt.
 We now make it that large for the rest of the document.
 This may cause the page layout to be inconsistent, however.

[17]
File: ../../image/n32f1dcm.png Graphic file (type bmp)
<../../image/n32f1dcm.png>

Overfull \hbox (15.37053pt too wide) in paragraph at lines 72--73
[][] 
 []

File: ../../image/n32f1m.png Graphic file (type bmp)
<../../image/n32f1m.png>

Overfull \hbox (15.37053pt too wide) in paragraph at lines 74--75
[][] 
 []


Underfull \vbox (badness 7504) has occurred while \output is active []



Package Fancyhdr Warning: \headheight is too small (12.0pt): 
 Make it at least 14.49998pt.
 We now make it that large for the rest of the document.
 This may cause the page layout to be inconsistent, however.

[18]
File: ../../image/n32f1mcd.png Graphic file (type bmp)
<../../image/n32f1mcd.png>

Overfull \hbox (15.37053pt too wide) in paragraph at lines 76--77
[][] 
 []

File: ../../image/n32f1mcm.png Graphic file (type bmp)
<../../image/n32f1mcm.png>

Overfull \hbox (15.37053pt too wide) in paragraph at lines 78--79
[][] 
 []


Underfull \vbox (badness 7504) has occurred while \output is active []



Package Fancyhdr Warning: \headheight is too small (12.0pt): 
 Make it at least 14.49998pt.
 We now make it that large for the rest of the document.
 This may cause the page layout to be inconsistent, however.

[19]
File: ../../image/n64f1d.png Graphic file (type bmp)
<../../image/n64f1d.png>

Overfull \hbox (15.37053pt too wide) in paragraph at lines 80--81
[][] 
 []

File: ../../image/n64f1dcd.png Graphic file (type bmp)
<../../image/n64f1dcd.png>

Overfull \hbox (15.37053pt too wide) in paragraph at lines 82--83
[][] 
 []


Underfull \vbox (badness 7504) has occurred while \output is active []



Package Fancyhdr Warning: \headheight is too small (12.0pt): 
 Make it at least 14.49998pt.
 We now make it that large for the rest of the document.
 This may cause the page layout to be inconsistent, however.

[20]
File: ../../image/n64f1dcm.png Graphic file (type bmp)
<../../image/n64f1dcm.png>

Overfull \hbox (15.37053pt too wide) in paragraph at lines 84--85
[][] 
 []

File: ../../image/n64f1m.png Graphic file (type bmp)
<../../image/n64f1m.png>

Overfull \hbox (15.37053pt too wide) in paragraph at lines 86--87
[][] 
 []


Underfull \vbox (badness 7504) has occurred while \output is active []



Package Fancyhdr Warning: \headheight is too small (12.0pt): 
 Make it at least 14.49998pt.
 We now make it that large for the rest of the document.
 This may cause the page layout to be inconsistent, however.

[21]
File: ../../image/n64f1mcd.png Graphic file (type bmp)
<../../image/n64f1mcd.png>

Overfull \hbox (15.37053pt too wide) in paragraph at lines 88--89
[][] 
 []

File: ../../image/n64f1mcm.png Graphic file (type bmp)
<../../image/n64f1mcm.png>

Overfull \hbox (15.37053pt too wide) in paragraph at lines 90--91
[][] 
 []

) (./conclusions.tex
Underfull \vbox (badness 7504) has occurred while \output is active []



Package Fancyhdr Warning: \headheight is too small (12.0pt): 
 Make it at least 14.49998pt.
 We now make it that large for the rest of the document.
 This may cause the page layout to be inconsistent, however.

[22]

Package Fancyhdr Warning: \headheight is too small (12.0pt): 
 Make it at least 14.49998pt.
 We now make it that large for the rest of the document.
 This may cause the page layout to be inconsistent, however.

[23]
Chapter 5.

Package Fancyhdr Warning: \headheight is too small (12.0pt): 
 Make it at least 14.49998pt.
 We now make it that large for the rest of the document.
 This may cause the page layout to be inconsistent, however.

[24

]) (./report.bbl

Package Fancyhdr Warning: \headheight is too small (12.0pt): 
 Make it at least 14.49998pt.
 We now make it that large for the rest of the document.
 This may cause the page layout to be inconsistent, however.

[25]

Package natbib Warning: Empty `thebibliography' environment on input line 8.

)
Package atveryend Info: Empty hook `BeforeClearDocument' on input line 47.


Package Fancyhdr Warning: \headheight is too small (12.0pt): 
 Make it at least 14.49998pt.
 We now make it that large for the rest of the document.
 This may cause the page layout to be inconsistent, however.

[26

]
Package atveryend Info: Empty hook `AfterLastShipout' on input line 47.
 (./report.aux)
Package atveryend Info: Empty hook `AtVeryEndDocument' on input line 47.
Package atveryend Info: Empty hook `AtEndAfterFileList' on input line 47.
Package atveryend Info: Empty hook `AtVeryVeryEnd' on input line 47.
 ) 
Here is how much of TeX's memory you used:
 34179 strings out of 493007
 653109 string characters out of 6136719
 779441 words of memory out of 5000000
 37721 multiletter control sequences out of 15000+600000
 548397 words of font info for 86 fonts, out of 8000000 for 9000
 1348 hyphenation exceptions out of 8191
 55i,11n,74p,10530b,462s stack positions out of 5000i,500n,10000p,200000b,80000s

Output written on report.pdf (26 pages).
